--- NEW DEPLOYMENT AT Thu Apr  2 17:00:22 IST 2026 ---
[Thu Apr  2 17:00:22 IST 2026] [STEP] Authenticating (Enter password once)...
[Thu Apr  2 17:00:32 IST 2026] [SUCCESS] Authenticated successfully.
[Thu Apr  2 17:00:32 IST 2026] [STEP] Synchronizing code...
./deploy.sh: line 91: rsync: command not found
[Thu Apr  2 17:00:33 IST 2026] [SUCCESS] Code synced.
[Thu Apr  2 17:00:33 IST 2026] [STEP] Building on server...
[Thu Apr  2 17:01:29 IST 2026] [SUCCESS] Remote build successful.
--- NEW DEPLOYMENT AT Thu Apr  2 17:02:43 IST 2026 ---
[Thu Apr  2 17:02:43 IST 2026] [STEP] Authenticating (Enter password once)...
[Thu Apr  2 17:02:50 IST 2026] [SUCCESS] Authenticated successfully.
[Thu Apr  2 17:02:50 IST 2026] [STEP] Synchronizing code...
./deploy.sh: line 91: rsync: command not found
[Thu Apr  2 17:02:51 IST 2026] [SUCCESS] Code synced.
[Thu Apr  2 17:02:51 IST 2026] [STEP] Building on server...
[Thu Apr  2 17:03:40 IST 2026] [SUCCESS] Remote build successful.
--- NEW DEPLOYMENT AT Thu Apr  2 17:06:18 IST 2026 ---
[Thu Apr  2 17:06:18 IST 2026] [STEP] Authenticating (Enter password once)...
[Thu Apr  2 17:06:26 IST 2026] [SUCCESS] Authentication successful.
[Thu Apr  2 17:06:26 IST 2026] [STEP] Synchronizing Source Code...
./deploy.sh: line 90: rsync: command not found
[Thu Apr  2 17:06:27 IST 2026] [SUCCESS] Code synchronized to /home/toptima/tfw/
[Thu Apr  2 17:06:27 IST 2026] [STEP] Cleaning & Building on server...
--- NEW DEPLOYMENT AT Thu Apr  2 17:28:04 IST 2026 ---
[Thu Apr  2 17:28:04 IST 2026] [STEP] Authenticating (Enter password once)...
[Thu Apr  2 17:28:10 IST 2026] [SUCCESS] Authentication successful.
[Thu Apr  2 17:28:10 IST 2026] [STEP] Synchronizing Source Code...
./deploy.sh: line 90: rsync: command not found
[Thu Apr  2 17:28:11 IST 2026] [SUCCESS] Code synchronized to /home/toptima/tfw/
[Thu Apr  2 17:28:11 IST 2026] [STEP] Cleaning & Building on server...
--- NEW DEPLOYMENT AT Thu Apr  2 18:14:36 IST 2026 ---
[Thu Apr  2 18:14:36 IST 2026] [STEP] Authenticating (Enter password once)...
